----------------------------------------------------------------
Sun Aug 21 22:29:43 IST 2022:
Booting Derby version The Apache Software Foundation - Apache Derby - 10.14.2.0 - (1828579): instance a816c00e-0182-c158-905c-000001351638 
on database directory memory:C:\Users\srikanth.addanki.TECHMOJO\Desktop\Techmojo-SpringBoot\Course-api-data\c3882e4d-4c63-4bbf-89e4-4c62b6993af4 with class loader jdk.internal.loader.ClassLoaders$AppClassLoader@22d8cfe0 
Loaded from file:/C:/Users/srikanth.addanki.TECHMOJO/.m2/repository/org/apache/derby/derby/10.14.2.0/derby-10.14.2.0.jar
java.vendor=Eclipse Adoptium
java.runtime.version=17.0.4+8
user.dir=C:\Users\srikanth.addanki.TECHMOJO\Desktop\Techmojo-SpringBoot\Course-api-data
os.name=Windows 11
os.arch=amd64
os.version=10.0
derby.system.home=null
Database Class Loader started - derby.database.classpath=''
----------------------------------------------------------------
Sun Aug 21 22:34:36 IST 2022:
Shutting down instance a816c00e-0182-c158-905c-000001351638 on database directory memory:C:\Users\srikanth.addanki.TECHMOJO\Desktop\Techmojo-SpringBoot\Course-api-data\c3882e4d-4c63-4bbf-89e4-4c62b6993af4 with class loader jdk.internal.loader.ClassLoaders$AppClassLoader@22d8cfe0 
----------------------------------------------------------------
Sun Aug 21 22:34:37 IST 2022:
Booting Derby version The Apache Software Foundation - Apache Derby - 10.14.2.0 - (1828579): instance f04340b7-0182-c158-905c-000001351638 
on database directory memory:C:\Users\srikanth.addanki.TECHMOJO\Desktop\Techmojo-SpringBoot\Course-api-data\99228a0e-a997-47ba-8141-d2b51cf72457 with class loader jdk.internal.loader.ClassLoaders$AppClassLoader@22d8cfe0 
Loaded from file:/C:/Users/srikanth.addanki.TECHMOJO/.m2/repository/org/apache/derby/derby/10.14.2.0/derby-10.14.2.0.jar
java.vendor=Eclipse Adoptium
java.runtime.version=17.0.4+8
user.dir=C:\Users\srikanth.addanki.TECHMOJO\Desktop\Techmojo-SpringBoot\Course-api-data
os.name=Windows 11
os.arch=amd64
os.version=10.0
derby.system.home=null
Database Class Loader started - derby.database.classpath=''
----------------------------------------------------------------
Sun Aug 21 22:45:03 IST 2022:
Shutting down instance f04340b7-0182-c158-905c-000001351638 on database directory memory:C:\Users\srikanth.addanki.TECHMOJO\Desktop\Techmojo-SpringBoot\Course-api-data\99228a0e-a997-47ba-8141-d2b51cf72457 with class loader jdk.internal.loader.ClassLoaders$AppClassLoader@22d8cfe0 
----------------------------------------------------------------
Sun Aug 21 22:45:04 IST 2022:
Booting Derby version The Apache Software Foundation - Apache Derby - 10.14.2.0 - (1828579): instance 6029c16b-0182-c158-905c-000001351638 
on database directory memory:C:\Users\srikanth.addanki.TECHMOJO\Desktop\Techmojo-SpringBoot\Course-api-data\8bee49d1-0377-4070-b2f1-8ba9d6a54b45 with class loader jdk.internal.loader.ClassLoaders$AppClassLoader@22d8cfe0 
Loaded from file:/C:/Users/srikanth.addanki.TECHMOJO/.m2/repository/org/apache/derby/derby/10.14.2.0/derby-10.14.2.0.jar
java.vendor=Eclipse Adoptium
java.runtime.version=17.0.4+8
user.dir=C:\Users\srikanth.addanki.TECHMOJO\Desktop\Techmojo-SpringBoot\Course-api-data
os.name=Windows 11
os.arch=amd64
os.version=10.0
derby.system.home=null
Database Class Loader started - derby.database.classpath=''
----------------------------------------------------------------
Sun Aug 21 22:51:49 IST 2022:
Shutting down instance 6029c16b-0182-c158-905c-000001351638 on database directory memory:C:\Users\srikanth.addanki.TECHMOJO\Desktop\Techmojo-SpringBoot\Course-api-data\8bee49d1-0377-4070-b2f1-8ba9d6a54b45 with class loader jdk.internal.loader.ClassLoaders$AppClassLoader@22d8cfe0 
----------------------------------------------------------------
Sun Aug 21 22:51:50 IST 2022:
Booting Derby version The Apache Software Foundation - Apache Derby - 10.14.2.0 - (1828579): instance d2e68225-0182-c158-905c-000001351638 
on database directory memory:C:\Users\srikanth.addanki.TECHMOJO\Desktop\Techmojo-SpringBoot\Course-api-data\6c218330-d39c-454b-aee1-6cb2e5ea2171 with class loader jdk.internal.loader.ClassLoaders$AppClassLoader@22d8cfe0 
Loaded from file:/C:/Users/srikanth.addanki.TECHMOJO/.m2/repository/org/apache/derby/derby/10.14.2.0/derby-10.14.2.0.jar
java.vendor=Eclipse Adoptium
java.runtime.version=17.0.4+8
user.dir=C:\Users\srikanth.addanki.TECHMOJO\Desktop\Techmojo-SpringBoot\Course-api-data
os.name=Windows 11
os.arch=amd64
os.version=10.0
derby.system.home=null
Database Class Loader started - derby.database.classpath=''
----------------------------------------------------------------
Sun Aug 21 22:52:04 IST 2022:
Shutting down instance d2e68225-0182-c158-905c-000001351638 on database directory memory:C:\Users\srikanth.addanki.TECHMOJO\Desktop\Techmojo-SpringBoot\Course-api-data\6c218330-d39c-454b-aee1-6cb2e5ea2171 with class loader jdk.internal.loader.ClassLoaders$AppClassLoader@22d8cfe0 
----------------------------------------------------------------
Sun Aug 21 22:52:04 IST 2022:
Booting Derby version The Apache Software Foundation - Apache Derby - 10.14.2.0 - (1828579): instance 1945c2cb-0182-c158-905c-000001351638 
on database directory memory:C:\Users\srikanth.addanki.TECHMOJO\Desktop\Techmojo-SpringBoot\Course-api-data\29685e2d-0da6-4f39-a1a9-1f5aad9ef3d1 with class loader jdk.internal.loader.ClassLoaders$AppClassLoader@22d8cfe0 
Loaded from file:/C:/Users/srikanth.addanki.TECHMOJO/.m2/repository/org/apache/derby/derby/10.14.2.0/derby-10.14.2.0.jar
java.vendor=Eclipse Adoptium
java.runtime.version=17.0.4+8
user.dir=C:\Users\srikanth.addanki.TECHMOJO\Desktop\Techmojo-SpringBoot\Course-api-data
os.name=Windows 11
os.arch=amd64
os.version=10.0
derby.system.home=null
Database Class Loader started - derby.database.classpath=''
----------------------------------------------------------------
Sun Aug 21 22:52:17 IST 2022:
Shutting down instance 1945c2cb-0182-c158-905c-000001351638 on database directory memory:C:\Users\srikanth.addanki.TECHMOJO\Desktop\Techmojo-SpringBoot\Course-api-data\29685e2d-0da6-4f39-a1a9-1f5aad9ef3d1 with class loader jdk.internal.loader.ClassLoaders$AppClassLoader@22d8cfe0 
----------------------------------------------------------------
Sun Aug 21 22:52:18 IST 2022:
Booting Derby version The Apache Software Foundation - Apache Derby - 10.14.2.0 - (1828579): instance fa8e0371-0182-c158-905c-000001351638 
on database directory memory:C:\Users\srikanth.addanki.TECHMOJO\Desktop\Techmojo-SpringBoot\Course-api-data\60e9436e-2a81-4eb3-9957-50f01236a07f with class loader jdk.internal.loader.ClassLoaders$AppClassLoader@22d8cfe0 
Loaded from file:/C:/Users/srikanth.addanki.TECHMOJO/.m2/repository/org/apache/derby/derby/10.14.2.0/derby-10.14.2.0.jar
java.vendor=Eclipse Adoptium
java.runtime.version=17.0.4+8
user.dir=C:\Users\srikanth.addanki.TECHMOJO\Desktop\Techmojo-SpringBoot\Course-api-data
os.name=Windows 11
os.arch=amd64
os.version=10.0
derby.system.home=null
Database Class Loader started - derby.database.classpath=''
----------------------------------------------------------------
Sun Aug 21 22:55:07 IST 2022:
Shutting down instance fa8e0371-0182-c158-905c-000001351638 on database directory memory:C:\Users\srikanth.addanki.TECHMOJO\Desktop\Techmojo-SpringBoot\Course-api-data\60e9436e-2a81-4eb3-9957-50f01236a07f with class loader jdk.internal.loader.ClassLoaders$AppClassLoader@22d8cfe0 
----------------------------------------------------------------
Sun Aug 21 22:55:08 IST 2022:
Booting Derby version The Apache Software Foundation - Apache Derby - 10.14.2.0 - (1828579): instance f6bf4417-0182-c158-905c-000001351638 
on database directory memory:C:\Users\srikanth.addanki.TECHMOJO\Desktop\Techmojo-SpringBoot\Course-api-data\30cf9b98-8718-4591-8fc2-34293f0215d8 with class loader jdk.internal.loader.ClassLoaders$AppClassLoader@22d8cfe0 
Loaded from file:/C:/Users/srikanth.addanki.TECHMOJO/.m2/repository/org/apache/derby/derby/10.14.2.0/derby-10.14.2.0.jar
java.vendor=Eclipse Adoptium
java.runtime.version=17.0.4+8
user.dir=C:\Users\srikanth.addanki.TECHMOJO\Desktop\Techmojo-SpringBoot\Course-api-data
os.name=Windows 11
os.arch=amd64
os.version=10.0
derby.system.home=null
Database Class Loader started - derby.database.classpath=''
----------------------------------------------------------------
Sun Aug 21 22:55:16 IST 2022:
Shutting down instance f6bf4417-0182-c158-905c-000001351638 on database directory memory:C:\Users\srikanth.addanki.TECHMOJO\Desktop\Techmojo-SpringBoot\Course-api-data\30cf9b98-8718-4591-8fc2-34293f0215d8 with class loader jdk.internal.loader.ClassLoaders$AppClassLoader@22d8cfe0 
----------------------------------------------------------------
Sun Aug 21 22:55:17 IST 2022:
Booting Derby version The Apache Software Foundation - Apache Derby - 10.14.2.0 - (1828579): instance 8dd984bd-0182-c158-905c-000001351638 
on database directory memory:C:\Users\srikanth.addanki.TECHMOJO\Desktop\Techmojo-SpringBoot\Course-api-data\8ff75f1d-e4d8-47d4-8b62-890210f1baf0 with class loader jdk.internal.loader.ClassLoaders$AppClassLoader@22d8cfe0 
Loaded from file:/C:/Users/srikanth.addanki.TECHMOJO/.m2/repository/org/apache/derby/derby/10.14.2.0/derby-10.14.2.0.jar
java.vendor=Eclipse Adoptium
java.runtime.version=17.0.4+8
user.dir=C:\Users\srikanth.addanki.TECHMOJO\Desktop\Techmojo-SpringBoot\Course-api-data
os.name=Windows 11
os.arch=amd64
os.version=10.0
derby.system.home=null
Database Class Loader started - derby.database.classpath=''
----------------------------------------------------------------
Sun Aug 21 22:55:28 IST 2022:
Shutting down instance 8dd984bd-0182-c158-905c-000001351638 on database directory memory:C:\Users\srikanth.addanki.TECHMOJO\Desktop\Techmojo-SpringBoot\Course-api-data\8ff75f1d-e4d8-47d4-8b62-890210f1baf0 with class loader jdk.internal.loader.ClassLoaders$AppClassLoader@22d8cfe0 
----------------------------------------------------------------
Sun Aug 21 22:55:29 IST 2022:
Booting Derby version The Apache Software Foundation - Apache Derby - 10.14.2.0 - (1828579): instance 3fdcc563-0182-c158-905c-000001351638 
on database directory memory:C:\Users\srikanth.addanki.TECHMOJO\Desktop\Techmojo-SpringBoot\Course-api-data\9bfb9651-8391-43aa-9694-7e09f4ad2e63 with class loader jdk.internal.loader.ClassLoaders$AppClassLoader@22d8cfe0 
Loaded from file:/C:/Users/srikanth.addanki.TECHMOJO/.m2/repository/org/apache/derby/derby/10.14.2.0/derby-10.14.2.0.jar
java.vendor=Eclipse Adoptium
java.runtime.version=17.0.4+8
user.dir=C:\Users\srikanth.addanki.TECHMOJO\Desktop\Techmojo-SpringBoot\Course-api-data
os.name=Windows 11
os.arch=amd64
os.version=10.0
derby.system.home=null
Database Class Loader started - derby.database.classpath=''
